Classic Timing Analyzer report for practice2
Sat Mar 14 15:13:55 2026
Quartus II Version 9.1 Build 350 03/24/2010 Service Pack 2 SJ Web Edition


---------------------
; Table of Contents ;
---------------------
  1. Legal Notice
  2. Timing Analyzer Summary
  3. Timing Analyzer Settings
  4. Clock Settings Summary
  5. Parallel Compilation
  6. Clock Setup: 'i_clk'
  7. tsu
  8. tco
  9. th
 10. Timing Analyzer Messages



----------------
; Legal Notice ;
----------------
Copyright (C) 1991-2010 Altera Corporation
Your use of Altera Corporation's design tools, logic functions 
and other software and tools, and its AMPP partner logic 
functions, and any output files from any of the foregoing 
(including device programming or simulation files), and any 
associated documentation or information are expressly subject 
to the terms and conditions of the Altera Program License 
Subscription Agreement, Altera MegaCore Function License 
Agreement, or other applicable license agreement, including, 
without limitation, that your use is for the sole purpose of 
programming logic devices manufactured by Altera and sold by 
Altera or its authorized distributors.  Please refer to the 
applicable agreement for further details.



+------------------------------------------------------------------------------------------------------------------------------------------------------------+
; Timing Analyzer Summary                                                                                                                                    ;
+------------------------------+-------+---------------+------------------------------------------------+------+------+------------+----------+--------------+
; Type                         ; Slack ; Required Time ; Actual Time                                    ; From ; To   ; From Clock ; To Clock ; Failed Paths ;
+------------------------------+-------+---------------+------------------------------------------------+------+------+------------+----------+--------------+
; Worst-case tsu               ; N/A   ; None          ; 3.728 ns                                       ; i_a  ; a_ff ; --         ; i_clk    ; 0            ;
; Worst-case tco               ; N/A   ; None          ; 5.168 ns                                       ; y_ff ; o_y  ; i_clk      ; --       ; 0            ;
; Worst-case th                ; N/A   ; None          ; -1.831 ns                                      ; i_b  ; b_ff ; --         ; i_clk    ; 0            ;
; Clock Setup: 'i_clk'         ; N/A   ; None          ; Restricted to 500.00 MHz ( period = 2.000 ns ) ; a_ff ; y_ff ; i_clk      ; i_clk    ; 0            ;
; Total number of failed paths ;       ;               ;                                                ;      ;      ;            ;          ; 0            ;
+------------------------------+-------+---------------+------------------------------------------------+------+------+------------+----------+--------------+


+-----------------------------------------------------------------------------------------------------------------------------------------------------+
; Timing Analyzer Settings                                                                                                                            ;
+------------------------------------------------------------------------------------------------------+--------------------+------+----+-------------+
; Option                                                                                               ; Setting            ; From ; To ; Entity Name ;
+------------------------------------------------------------------------------------------------------+--------------------+------+----+-------------+
; Device Name                                                                                          ; EP2S15F484C3       ;      ;    ;             ;
; Timing Models                                                                                        ; Final              ;      ;    ;             ;
; Default hold multicycle                                                                              ; Same as Multicycle ;      ;    ;             ;
; Cut paths between unrelated clock domains                                                            ; On                 ;      ;    ;             ;
; Cut off read during write signal paths                                                               ; On                 ;      ;    ;             ;
; Cut off feedback from I/O pins                                                                       ; On                 ;      ;    ;             ;
; Report Combined Fast/Slow Timing                                                                     ; Off                ;      ;    ;             ;
; Ignore Clock Settings                                                                                ; Off                ;      ;    ;             ;
; Analyze latches as synchronous elements                                                              ; On                 ;      ;    ;             ;
; Enable Recovery/Removal analysis                                                                     ; Off                ;      ;    ;             ;
; Enable Clock Latency                                                                                 ; Off                ;      ;    ;             ;
; Use TimeQuest Timing Analyzer                                                                        ; Off                ;      ;    ;             ;
; Number of source nodes to report per destination node                                                ; 10                 ;      ;    ;             ;
; Number of destination nodes to report                                                                ; 10                 ;      ;    ;             ;
; Number of paths to report                                                                            ; 200                ;      ;    ;             ;
; Report Minimum Timing Checks                                                                         ; Off                ;      ;    ;             ;
; Use Fast Timing Models                                                                               ; Off                ;      ;    ;             ;
; Report IO Paths Separately                                                                           ; Off                ;      ;    ;             ;
; Perform Multicorner Analysis                                                                         ; On                 ;      ;    ;             ;
; Reports the worst-case path for each clock domain and analysis                                       ; Off                ;      ;    ;             ;
; Reports worst-case timing paths for each clock domain and analysis                                   ; Off                ;      ;    ;             ;
; Specifies the maximum number of worst-case timing paths to report for each clock domain and analysis ; 100                ;      ;    ;             ;
; Removes common clock path pessimism (CCPP) during slack computation                                  ; Off                ;      ;    ;             ;
; Output I/O Timing Endpoint                                                                           ; Near End           ;      ;    ;             ;
+------------------------------------------------------------------------------------------------------+--------------------+------+----+-------------+


+------------------------------------------------------------------------------------------------------------------------------------------------------------------------------------+
; Clock Settings Summary                                                                                                                                                             ;
+-----------------+--------------------+----------+------------------+---------------+--------------+----------+-----------------------+---------------------+--------+--------------+
; Clock Node Name ; Clock Setting Name ; Type     ; Fmax Requirement ; Early Latency ; Late Latency ; Based on ; Multiply Base Fmax by ; Divide Base Fmax by ; Offset ; Phase offset ;
+-----------------+--------------------+----------+------------------+---------------+--------------+----------+-----------------------+---------------------+--------+--------------+
; i_clk           ;                    ; User Pin ; None             ; 0.000 ns      ; 0.000 ns     ; --       ; N/A                   ; N/A                 ; N/A    ;              ;
+-----------------+--------------------+----------+------------------+---------------+--------------+----------+-----------------------+---------------------+--------+--------------+


Parallel compilation was disabled, but you have multiple processors available. Enable parallel compilation to reduce compilation time.
+-------------------------------------+
; Parallel Compilation                ;
+----------------------------+--------+
; Processors                 ; Number ;
+----------------------------+--------+
; Number detected on machine ; 6      ;
; Maximum allowed            ; 1      ;
+----------------------------+--------+


+----------------------------------------------------------------------------------------------------------------------------------------------------------------------------------+
; Clock Setup: 'i_clk'                                                                                                                                                             ;
+-------+------------------------------------------------+------+------+------------+----------+-----------------------------+---------------------------+-------------------------+
; Slack ; Actual fmax (period)                           ; From ; To   ; From Clock ; To Clock ; Required Setup Relationship ; Required Longest P2P Time ; Actual Longest P2P Time ;
+-------+------------------------------------------------+------+------+------------+----------+-----------------------------+---------------------------+-------------------------+
; N/A   ; Restricted to 500.00 MHz ( period = 2.000 ns ) ; a_ff ; y_ff ; i_clk      ; i_clk    ; None                        ; None                      ; 0.670 ns                ;
; N/A   ; Restricted to 500.00 MHz ( period = 2.000 ns ) ; c_ff ; y_ff ; i_clk      ; i_clk    ; None                        ; None                      ; 0.511 ns                ;
; N/A   ; Restricted to 500.00 MHz ( period = 2.000 ns ) ; b_ff ; y_ff ; i_clk      ; i_clk    ; None                        ; None                      ; 0.411 ns                ;
+-------+------------------------------------------------+------+------+------------+----------+-----------------------------+---------------------------+-------------------------+


+------------------------------------------------------------+
; tsu                                                        ;
+-------+--------------+------------+------+------+----------+
; Slack ; Required tsu ; Actual tsu ; From ; To   ; To Clock ;
+-------+--------------+------------+------+------+----------+
; N/A   ; None         ; 3.728 ns   ; i_a  ; a_ff ; i_clk    ;
; N/A   ; None         ; 3.654 ns   ; i_c  ; c_ff ; i_clk    ;
; N/A   ; None         ; 2.070 ns   ; i_b  ; b_ff ; i_clk    ;
+-------+--------------+------------+------+------+----------+


+-------------------------------------------------------------+
; tco                                                         ;
+-------+--------------+------------+------+-----+------------+
; Slack ; Required tco ; Actual tco ; From ; To  ; From Clock ;
+-------+--------------+------------+------+-----+------------+
; N/A   ; None         ; 5.168 ns   ; y_ff ; o_y ; i_clk      ;
+-------+--------------+------------+------+-----+------------+


+------------------------------------------------------------------+
; th                                                               ;
+---------------+-------------+-----------+------+------+----------+
; Minimum Slack ; Required th ; Actual th ; From ; To   ; To Clock ;
+---------------+-------------+-----------+------+------+----------+
; N/A           ; None        ; -1.831 ns ; i_b  ; b_ff ; i_clk    ;
; N/A           ; None        ; -3.415 ns ; i_c  ; c_ff ; i_clk    ;
; N/A           ; None        ; -3.489 ns ; i_a  ; a_ff ; i_clk    ;
+---------------+-------------+-----------+------+------+----------+


+--------------------------+
; Timing Analyzer Messages ;
+--------------------------+
Info: *******************************************************************
Info: Running Quartus II Classic Timing Analyzer
    Info: Version 9.1 Build 350 03/24/2010 Service Pack 2 SJ Web Edition
    Info: Processing started: Sat Mar 14 15:13:55 2026
Info: Command: quartus_tan --read_settings_files=off --write_settings_files=off practice2 -c practice2 --timing_analysis_only
Warning: Found pins functioning as undefined clocks and/or memory enables
    Info: Assuming node "i_clk" is an undefined clock
Info: Clock "i_clk" Internal fmax is restricted to 500.0 MHz between source register "a_ff" and destination register "y_ff"
    Info: fmax restricted to clock pin edge rate 2.0 ns. Expand message to see actual delay path.
        Info: + Longest register to register delay is 0.670 ns
            Info: 1: + IC(0.000 ns) + CELL(0.000 ns) = 0.000 ns; Loc. = LCFF_X39_Y23_N27; Fanout = 1; REG Node = 'a_ff'
            Info: 2: + IC(0.243 ns) + CELL(0.272 ns) = 0.515 ns; Loc. = LCCOMB_X39_Y23_N16; Fanout = 1; COMB Node = 'y_ff~0'
            Info: 3: + IC(0.000 ns) + CELL(0.155 ns) = 0.670 ns; Loc. = LCFF_X39_Y23_N17; Fanout = 1; REG Node = 'y_ff'
            Info: Total cell delay = 0.427 ns ( 63.73 % )
            Info: Total interconnect delay = 0.243 ns ( 36.27 % )
        Info: - Smallest clock skew is 0.000 ns
            Info: + Shortest clock path from clock "i_clk" to destination register is 2.499 ns
                Info: 1: + IC(0.000 ns) + CELL(0.854 ns) = 0.854 ns; Loc. = PIN_N20; Fanout = 1; CLK Node = 'i_clk'
                Info: 2: + IC(0.343 ns) + CELL(0.000 ns) = 1.197 ns; Loc. = CLKCTRL_G3; Fanout = 4; COMB Node = 'i_clk~clkctrl'
                Info: 3: + IC(0.684 ns) + CELL(0.618 ns) = 2.499 ns; Loc. = LCFF_X39_Y23_N17; Fanout = 1; REG Node = 'y_ff'
                Info: Total cell delay = 1.472 ns ( 58.90 % )
                Info: Total interconnect delay = 1.027 ns ( 41.10 % )
            Info: - Longest clock path from clock "i_clk" to source register is 2.499 ns
                Info: 1: + IC(0.000 ns) + CELL(0.854 ns) = 0.854 ns; Loc. = PIN_N20; Fanout = 1; CLK Node = 'i_clk'
                Info: 2: + IC(0.343 ns) + CELL(0.000 ns) = 1.197 ns; Loc. = CLKCTRL_G3; Fanout = 4; COMB Node = 'i_clk~clkctrl'
                Info: 3: + IC(0.684 ns) + CELL(0.618 ns) = 2.499 ns; Loc. = LCFF_X39_Y23_N27; Fanout = 1; REG Node = 'a_ff'
                Info: Total cell delay = 1.472 ns ( 58.90 % )
                Info: Total interconnect delay = 1.027 ns ( 41.10 % )
        Info: + Micro clock to output delay of source is 0.094 ns
        Info: + Micro setup delay of destination is 0.090 ns
Info: tsu for register "a_ff" (data pin = "i_a", clock pin = "i_clk") is 3.728 ns
    Info: + Longest pin to register delay is 6.137 ns
        Info: 1: + IC(0.000 ns) + CELL(0.830 ns) = 0.830 ns; Loc. = PIN_U21; Fanout = 1; PIN Node = 'i_a'
        Info: 2: + IC(5.099 ns) + CELL(0.053 ns) = 5.982 ns; Loc. = LCCOMB_X39_Y23_N26; Fanout = 1; COMB Node = 'a_ff~feeder'
        Info: 3: + IC(0.000 ns) + CELL(0.155 ns) = 6.137 ns; Loc. = LCFF_X39_Y23_N27; Fanout = 1; REG Node = 'a_ff'
        Info: Total cell delay = 1.038 ns ( 16.91 % )
        Info: Total interconnect delay = 5.099 ns ( 83.09 % )
    Info: + Micro setup delay of destination is 0.090 ns
    Info: - Shortest clock path from clock "i_clk" to destination register is 2.499 ns
        Info: 1: + IC(0.000 ns) + CELL(0.854 ns) = 0.854 ns; Loc. = PIN_N20; Fanout = 1; CLK Node = 'i_clk'
        Info: 2: + IC(0.343 ns) + CELL(0.000 ns) = 1.197 ns; Loc. = CLKCTRL_G3; Fanout = 4; COMB Node = 'i_clk~clkctrl'
        Info: 3: + IC(0.684 ns) + CELL(0.618 ns) = 2.499 ns; Loc. = LCFF_X39_Y23_N27; Fanout = 1; REG Node = 'a_ff'
        Info: Total cell delay = 1.472 ns ( 58.90 % )
        Info: Total interconnect delay = 1.027 ns ( 41.10 % )
Info: tco from clock "i_clk" to destination pin "o_y" through register "y_ff" is 5.168 ns
    Info: + Longest clock path from clock "i_clk" to source register is 2.499 ns
        Info: 1: + IC(0.000 ns) + CELL(0.854 ns) = 0.854 ns; Loc. = PIN_N20; Fanout = 1; CLK Node = 'i_clk'
        Info: 2: + IC(0.343 ns) + CELL(0.000 ns) = 1.197 ns; Loc. = CLKCTRL_G3; Fanout = 4; COMB Node = 'i_clk~clkctrl'
        Info: 3: + IC(0.684 ns) + CELL(0.618 ns) = 2.499 ns; Loc. = LCFF_X39_Y23_N17; Fanout = 1; REG Node = 'y_ff'
        Info: Total cell delay = 1.472 ns ( 58.90 % )
        Info: Total interconnect delay = 1.027 ns ( 41.10 % )
    Info: + Micro clock to output delay of source is 0.094 ns
    Info: + Longest register to pin delay is 2.575 ns
        Info: 1: + IC(0.000 ns) + CELL(0.000 ns) = 0.000 ns; Loc. = LCFF_X39_Y23_N17; Fanout = 1; REG Node = 'y_ff'
        Info: 2: + IC(0.613 ns) + CELL(1.962 ns) = 2.575 ns; Loc. = PIN_D5; Fanout = 0; PIN Node = 'o_y'
        Info: Total cell delay = 1.962 ns ( 76.19 % )
        Info: Total interconnect delay = 0.613 ns ( 23.81 % )
Info: th for register "b_ff" (data pin = "i_b", clock pin = "i_clk") is -1.831 ns
    Info: + Longest clock path from clock "i_clk" to destination register is 2.499 ns
        Info: 1: + IC(0.000 ns) + CELL(0.854 ns) = 0.854 ns; Loc. = PIN_N20; Fanout = 1; CLK Node = 'i_clk'
        Info: 2: + IC(0.343 ns) + CELL(0.000 ns) = 1.197 ns; Loc. = CLKCTRL_G3; Fanout = 4; COMB Node = 'i_clk~clkctrl'
        Info: 3: + IC(0.684 ns) + CELL(0.618 ns) = 2.499 ns; Loc. = LCFF_X39_Y23_N21; Fanout = 1; REG Node = 'b_ff'
        Info: Total cell delay = 1.472 ns ( 58.90 % )
        Info: Total interconnect delay = 1.027 ns ( 41.10 % )
    Info: + Micro hold delay of destination is 0.149 ns
    Info: - Shortest pin to register delay is 4.479 ns
        Info: 1: + IC(0.000 ns) + CELL(0.830 ns) = 0.830 ns; Loc. = PIN_F1; Fanout = 1; PIN Node = 'i_b'
        Info: 2: + IC(3.441 ns) + CELL(0.053 ns) = 4.324 ns; Loc. = LCCOMB_X39_Y23_N20; Fanout = 1; COMB Node = 'b_ff~feeder'
        Info: 3: + IC(0.000 ns) + CELL(0.155 ns) = 4.479 ns; Loc. = LCFF_X39_Y23_N21; Fanout = 1; REG Node = 'b_ff'
        Info: Total cell delay = 1.038 ns ( 23.17 % )
        Info: Total interconnect delay = 3.441 ns ( 76.83 % )
Info: Quartus II Classic Timing Analyzer was successful. 0 errors, 1 warning
    Info: Peak virtual memory: 173 megabytes
    Info: Processing ended: Sat Mar 14 15:13:55 2026
    Info: Elapsed time: 00:00:00
    Info: Total CPU time (on all processors): 00:00:00


